> ionic-v1 serve --host=0.0.0.0 --port=8100 --livereload-port=35729 --dev-port=53703 --engine=browser
[v1] [01:01:03] Serving directory www
[v1] [01:01:04] Proxy created /nodes => https://storage.googleapis.com/ewhaleshares/nodes.json

[INFO] Development server running!
       
       Local: http://localhost:8100
       External: http://10.164.0.2:8100
       DevApp: iapp@8100 on instance-3
       
       Use Ctrl+C to quit this process

[INFO] Browser window opened to http://localhost:8100!

> ionic-v1 serve --host=0.0.0.0 --port=8100 --livereload-port=35729 --dev-port=53703 --engine=browser
[v1] [01:07:25] Serving directory www
[v1] [01:07:25] Proxy created /nodes => https://storage.googleapis.com/ewhaleshares/nodes.json

[INFO] Development server running!
       
       Local: http://localhost:8100
       External: http://10.164.0.2:8100
       DevApp: iapp@8100 on instance-3
       
       Use Ctrl+C to quit this process

[INFO] Browser window opened to http://localhost:8100!

[v1] [01:08:54] www/js/index.js changed
> ionic-v1 serve --host=0.0.0.0 --port=8100 --livereload-port=35729 --dev-port=53703 --engine=browser
[v1] [01:09:05] Serving directory www
[v1] [01:09:05] Proxy created /nodes => https://storage.googleapis.com/ewhaleshares/nodes.json

[INFO] Development server running!
       
       Local: http://localhost:8100
       External: http://10.164.0.2:8100
       DevApp: iapp@8100 on instance-3
       
       Use Ctrl+C to quit this process

[INFO] Browser window opened to http://localhost:8100!

> ionic-v1 serve --host=0.0.0.0 --port=8100 --livereload-port=35729 --dev-port=53703 --engine=browser
[v1] [01:15:17] Serving directory www
[v1] [01:15:17] Proxy created /nodes => https://storage.googleapis.com/ewhaleshares/nodes.json

[INFO] Development server running!
       
       Local: http://localhost:8100
       External: http://10.164.0.2:8100
       DevApp: iapp@8100 on instance-3
       
       Use Ctrl+C to quit this process

[INFO] Browser window opened to http://localhost:8100!

[v1] [01:24:05] www/js/index.js changed
[v1] [01:24:05] www/js/lib.js changed
> ionic-v1 serve --host=0.0.0.0 --port=8100 --livereload-port=35729 --dev-port=53703 --engine=browser
[v1] [01:24:17] Serving directory www
[v1] [01:24:18] Proxy created /nodes => https://storage.googleapis.com/ewhaleshares/nodes.json

[INFO] Development server running!
       
       Local: http://localhost:8100
       External: http://10.164.0.2:8100
       DevApp: iapp@8100 on instance-3
       
       Use Ctrl+C to quit this process

[INFO] Browser window opened to http://localhost:8100!

[v1] [01:27:28] www/js/index.js changed
> ionic-v1 serve --host=0.0.0.0 --port=8100 --livereload-port=35729 --dev-port=53703 --engine=browser
[v1] [01:27:41] Serving directory www
[v1] [01:27:41] Proxy created /nodes => https://storage.googleapis.com/ewhaleshares/nodes.json

[INFO] Development server running!
       
       Local: http://localhost:8100
       External: http://10.164.0.2:8100
       DevApp: iapp@8100 on instance-3
       
       Use Ctrl+C to quit this process

[INFO] Browser window opened to http://localhost:8100!

> ionic-v1 serve --host=0.0.0.0 --port=8100 --livereload-port=35729 --dev-port=53703 --engine=browser
[v1] [01:30:15] Serving directory www
[v1] [01:30:15] Proxy created /nodes => https://storage.googleapis.com/ewhaleshares/nodes.json

[INFO] Development server running!
       
       Local: http://localhost:8100
       External: http://10.164.0.2:8100
       DevApp: iapp@8100 on instance-3
       
       Use Ctrl+C to quit this process

[INFO] Browser window opened to http://localhost:8100!

> ionic-v1 serve --host=0.0.0.0 --port=8100 --livereload-port=35729 --dev-port=53703 --engine=browser
[v1] [01:37:47] Serving directory www
[v1] [01:37:47] Proxy created /nodes => https://storage.googleapis.com/ewhaleshares/nodes.json

[INFO] Development server running!
       
       Local: http://localhost:8100
       External: http://10.164.0.2:8100
       DevApp: iapp@8100 on instance-3
       
       Use Ctrl+C to quit this process

[INFO] Browser window opened to http://localhost:8100!

> ionic-v1 serve --host=0.0.0.0 --port=8100 --livereload-port=35729 --dev-port=53703 --engine=browser
[v1] [01:46:54] Serving directory www
[v1] [01:46:54] Proxy created /nodes => https://storage.googleapis.com/ewhaleshares/nodes.json

[INFO] Development server running!
       
       Local: http://localhost:8100
       External: http://10.164.0.2:8100
       DevApp: iapp@8100 on instance-3
       
       Use Ctrl+C to quit this process

[INFO] Browser window opened to http://localhost:8100!

> ionic-v1 serve --host=0.0.0.0 --port=8100 --livereload-port=35729 --dev-port=53703 --engine=browser
[v1] [03:47:45] Serving directory www
[v1] [03:47:45] Proxy created /nodes => https://storage.googleapis.com/ewhaleshares/nodes.json

[INFO] Development server running!
       
       Local: http://localhost:8100
       External: http://10.164.0.2:8100
       DevApp: iapp@8100 on instance-3
       
       Use Ctrl+C to quit this process

[INFO] Browser window opened to http://localhost:8100!

> ionic-v1 serve --host=0.0.0.0 --port=8100 --livereload-port=35729 --dev-port=53703 --engine=browser
[v1] [04:00:57] Serving directory www
[v1] [04:00:57] Proxy created /nodes => https://storage.googleapis.com/ewhaleshares/nodes.json

[INFO] Development server running!
       
       Local: http://localhost:8100
       External: http://10.164.0.2:8100
       DevApp: iapp@8100 on instance-3
       
       Use Ctrl+C to quit this process

[INFO] Browser window opened to http://localhost:8100!

[v1] [04:08:11] www/js/index.js changed
[v1] [04:08:32] www/js/index.js changed
[v1] [04:08:32] www/js/lib.js changed
> ionic-v1 serve --host=0.0.0.0 --port=8100 --livereload-port=35729 --dev-port=53703 --engine=browser
[v1] [04:26:07] Serving directory www
[v1] [04:26:07] Proxy created /nodes => https://storage.googleapis.com/ewhaleshares/nodes.json

[INFO] Development server running!
       
       Local: http://localhost:8100
       External: http://10.164.0.2:8100
       DevApp: iapp@8100 on instance-3
       
       Use Ctrl+C to quit this process

[INFO] Browser window opened to http://localhost:8100!

